0 info it worked if it ends with ok
1 verbose cli [ '/usr/local/bin/node',
1 verbose cli   '/usr/local/bin/npm',
1 verbose cli   'run',
1 verbose cli   'test-sauce' ]
2 info using npm@3.10.9
3 info using node@v7.1.0
4 verbose run-script [ 'pretest-sauce', 'test-sauce', 'posttest-sauce' ]
5 info lifecycle bytes-counter@0.0.1~pretest-sauce: bytes-counter@0.0.1
6 silly lifecycle bytes-counter@0.0.1~pretest-sauce: no script for pretest-sauce, continuing
7 info lifecycle bytes-counter@0.0.1~test-sauce: bytes-counter@0.0.1
8 verbose lifecycle bytes-counter@0.0.1~test-sauce: unsafe-perm in lifecycle true
9 verbose lifecycle bytes-counter@0.0.1~test-sauce: PATH: /usr/local/lib/node_modules/npm/bin/node-gyp-bin:/Users/pawelpsztyc/workspace/advanced-rest-client/bytes-counter/node_modules/.bin:/opt/local/bin:/opt/local/sbin:/Users/pawelpsztyc/sdk/google-cloud-sdk/bin:/Users/pawelpsztyc/anaconda2/bin:/Library/Frameworks/Python.framework/Versions/2.7/bin:/usr/local/bin:/usr/bin:/bin:/usr/sbin:/sbin:/opt/X11/bin:/usr/local/MacGPG2/bin
10 verbose lifecycle bytes-counter@0.0.1~test-sauce: CWD: /Users/pawelpsztyc/workspace/advanced-rest-client/bytes-counter
11 silly lifecycle bytes-counter@0.0.1~test-sauce: Args: [ '-c',
11 silly lifecycle   'polymer test --plugin sauce --job-name "bytes-counter:local-test"' ]
12 silly lifecycle bytes-counter@0.0.1~test-sauce: Returned: code: 1  signal: null
13 info lifecycle bytes-counter@0.0.1~test-sauce: Failed to exec test-sauce script
14 verbose stack Error: bytes-counter@0.0.1 test-sauce: `polymer test --plugin sauce --job-name "bytes-counter:local-test"`
14 verbose stack Exit status 1
14 verbose stack     at EventEmitter.<anonymous> (/usr/local/lib/node_modules/npm/lib/utils/lifecycle.js:255:16)
14 verbose stack     at emitTwo (events.js:106:13)
14 verbose stack     at EventEmitter.emit (events.js:191:7)
14 verbose stack     at ChildProcess.<anonymous> (/usr/local/lib/node_modules/npm/lib/utils/spawn.js:40:14)
14 verbose stack     at emitTwo (events.js:106:13)
14 verbose stack     at ChildProcess.emit (events.js:191:7)
14 verbose stack     at maybeClose (internal/child_process.js:885:16)
14 verbose stack     at Process.ChildProcess._handle.onexit (internal/child_process.js:226:5)
15 verbose pkgid bytes-counter@0.0.1
16 verbose cwd /Users/pawelpsztyc/workspace/advanced-rest-client/bytes-counter
17 error Darwin 16.6.0
18 error argv "/usr/local/bin/node" "/usr/local/bin/npm" "run" "test-sauce"
19 error node v7.1.0
20 error npm  v3.10.9
21 error code ELIFECYCLE
22 error bytes-counter@0.0.1 test-sauce: `polymer test --plugin sauce --job-name "bytes-counter:local-test"`
22 error Exit status 1
23 error Failed at the bytes-counter@0.0.1 test-sauce script 'polymer test --plugin sauce --job-name "bytes-counter:local-test"'.
23 error Make sure you have the latest version of node.js and npm installed.
23 error If you do, this is most likely a problem with the bytes-counter package,
23 error not with npm itself.
23 error Tell the author that this fails on your system:
23 error     polymer test --plugin sauce --job-name "bytes-counter:local-test"
23 error You can get information on how to open an issue for this project with:
23 error     npm bugs bytes-counter
23 error Or if that isn't available, you can get their info via:
23 error     npm owner ls bytes-counter
23 error There is likely additional logging output above.
24 verbose exit [ 1, true ]
